       -0.303783          1.0029        0.442369
         1.32783          1.1024        0.299805
        0.731681        -1.72989      -0.0490782
       -0.259163         0.64322        0.425586
       -0.408938        0.198585        0.919579
        0.157975       -0.861553        0.202094
        0.848634       -0.455208        -1.14758
        0.627936        -1.43314        0.496031
        0.522124        0.372118         1.44918
       -0.442584         1.04835        0.779301
        0.594963        0.192355        0.684604
       -0.735291         0.86393     -0.00519356
       -0.235747       -0.606836         1.25309
         0.11566        0.122854        0.891296
        0.170832        0.540897         1.39853
       -0.122858       -0.786708       -0.814811
       -0.113406       0.0259484       -0.123674
        0.296806      -0.0242401         1.66044
       -0.220636       -0.127004        -1.13336
        0.516042        0.247193       -0.284685
        -1.22526       -0.981487       -0.723092
      -0.0935932        -0.44478        -0.69157
       0.0341067        0.519141        0.679028
        0.436295       -0.161628        0.338738
         1.06919        0.420304       -0.249777
       -0.690964        0.375865        0.387196
        0.608814        0.319805        0.120784
       -0.889857        -0.79293       -0.248111
         1.34831       -0.605657            0.19
        0.109868       -0.245022       -0.231242
        0.099635        0.107645       -0.901092
         1.04562        0.527153        0.176683
        -1.13882        0.984094         1.39559
        0.175665         0.31436       -0.637549
       -0.273284       -0.755503        -1.19043
        0.227273       -0.476852         -0.1612
       -0.853489       -0.517981       -0.217027
        0.433874       -0.210516       -0.504618
       -0.482865         0.44446       -0.897478
        -0.71865      -0.0321127       -0.750326
         0.54149       -0.980477        -1.20786
       -0.140214       -0.222574        -0.53129
        -0.92267          2.0369        -1.13001
       -0.617773        0.078946       -0.552257
       -0.175423       -0.343333        -1.02481
         1.06987        0.297192        0.617961
       -0.788362        0.228027        0.152054
       -0.919471      -0.0129665      -0.0498756
        -1.32268       -0.191292       -0.189467
        0.985288      -0.0149479        0.687511
